TN:
SF:src/features/auth/auth-routing.ts
FN:9,getProtectedRedirect
FN:24,getDefaultAuthenticatedHref
FNF:2
FNH:2
FNDA:3,getProtectedRedirect
FNDA:2,getDefaultAuthenticatedHref
DA:13,3
DA:14,1
DA:17,2
DA:18,1
DA:21,1
DA:25,2
LF:6
LH:6
BRDA:13,0,0,1
BRDA:13,0,1,2
BRDA:13,1,0,3
BRDA:13,1,1,2
BRDA:17,2,0,1
BRDA:17,2,1,1
BRDA:17,3,0,2
BRDA:17,3,1,1
BRDA:25,4,0,1
BRDA:25,4,1,1
BRF:10
BRH:10
end_of_record
TN:
SF:src/features/auth/auth-session.tsx
FN:27,AuthProvider
FN:33,startGoogleSignIn
FN:51,useAuthSession
FNF:3
FNH:3
FNDA:2,AuthProvider
FNDA:1,startGoogleSignIn
FNDA:3,useAuthSession
DA:6,1
DA:25,1
DA:28,2
DA:34,1
DA:40,2
DA:52,3
DA:54,3
DA:55,1
DA:58,2
LF:9
LH:9
BRDA:54,0,0,1
BRDA:54,0,1,2
BRF:2
BRH:2
end_of_record
TN:
SF:src/lib/env.ts
FN:13,parsePublicEnv
FN:17,(anonymous_1)
FN:27,getPublicEnv
FNF:3
FNH:3
FNDA:5,parsePublicEnv
FNDA:2,(anonymous_1)
FNDA:2,getPublicEnv
DA:3,3
DA:14,5
DA:16,5
DA:17,2
DA:18,2
DA:21,3
DA:28,2
LF:7
LH:7
BRDA:16,0,0,2
BRDA:16,0,1,3
BRF:2
BRH:2
end_of_record
TN:
SF:src/lib/query-client.ts
FN:3,createAppQueryClient
FNF:1
FNH:1
FNDA:1,createAppQueryClient
DA:4,1
LF:1
LH:1
BRF:0
BRH:0
end_of_record
TN:
SF:src/lib/secure-store-storage.ts
FN:15,createSecureStoreStorage
FN:17,(anonymous_1)
FN:20,(anonymous_2)
FN:23,(anonymous_3)
FNF:4
FNH:4
FNDA:4,createSecureStoreStorage
FNDA:1,(anonymous_1)
FNDA:1,(anonymous_2)
FNDA:1,(anonymous_3)
DA:3,1
DA:5,1
DA:16,4
DA:18,1
DA:21,1
DA:24,1
DA:29,1
LF:7
LH:7
BRDA:15,0,0,4
BRF:1
BRH:1
end_of_record
TN:
SF:src/lib/supabase.ts
FN:10,createSupabaseClient
FN:21,getSupabaseClient
FNF:2
FNH:2
FNDA:2,createSupabaseClient
FNDA:2,getSupabaseClient
DA:8,2
DA:11,2
DA:22,2
DA:23,1
DA:26,2
LF:5
LH:5
BRDA:10,0,0,2
BRDA:22,1,0,1
BRDA:22,1,1,1
BRF:3
BRH:3
end_of_record
